# JRE version: OpenJDK Runtime Environment Temurin-25.0.2+10 (25.0.2+10) (build 25.0.2+10-LTS)
# Java VM: OpenJDK 64-Bit Server VM Temurin-25.0.2+10 (25.0.2+10-LTS, mixed mode, sharing, tiered, compressed oops, compressed class ptrs, g1 gc, windows-amd64)
GC Precious Log:
 CardTable entry size: 512
 Card Set container configuration: InlinePtr #cards 4 size 8 Array Of Cards #cards 16 size 48 Howl #buckets 8 coarsen threshold 3686 Howl Bitmap #cards 512 size 80 coarsen threshold 460 Card regions per heap region 1 cards per card region 4096
 CPUs: 16 total, 16 available
 Memory: 15720M
 Large Page Support: Disabled
 NUMA Support: Disabled
 Compressed Oops: Enabled (Zero based)
 Heap Region Size: 2M
 Heap Min Capacity: 8M
 Heap Initial Capacity: 246M
 Heap Max Capacity: 3932M
 Pre-touch: Disabled
 Parallel Workers: 13
 Concurrent Workers: 3
 Concurrent Refinement Workers: 13
 Periodic GC: Disabled
Heap:
 garbage-first heap   total reserved 4026368K, committed 77824K, used 40527K [0x000000070a400000, 0x0000000800000000)
  region size 2048K, 7 young (14336K), 2 survivors (4096K)
GC Heap Usage History (20 events):
Event: 418.988 {heap Before GC invocations=15 (full 3):
 garbage-first heap   total reserved 4026368K, committed 77824K, used 62085K [0x000000070a400000, 0x0000000800000000)
  region size 2048K, 20 young (40960K), 0 survivors (0K)
}
Event: 418.990 {heap After GC invocations=16 (full 3):
 garbage-first heap   total reserved 4026368K, committed 77824K, used 28243K [0x000000070a400000, 0x0000000800000000)
  region size 2048K, 3 young (6144K), 3 survivors (6144K)
}
Event: 461.608 {heap Before GC invocations=16 (full 3):
 garbage-first heap   total reserved 4026368K, committed 77824K, used 32339K [0x000000070a400000, 0x0000000800000000)
  region size 2048K, 6 young (12288K), 3 survivors (6144K)
}
Event: 461.650 {heap After GC invocations=17 (full 4):
 garbage-first heap   total reserved 4026368K, committed 77824K, used 23338K [0x000000070a400000, 0x0000000800000000)
  region size 2048K, 0 young (0K), 0 survivors (0K)
}
Event: 461.982 {heap Before GC invocations=17 (full 4):
 garbage-first heap   total reserved 4026368K, committed 77824K, used 64298K [0x000000070a400000, 0x0000000800000000)
  region size 2048K, 20 young (40960K), 0 survivors (0K)
}
Event: 461.985 {heap After GC invocations=18 (full 4):
 garbage-first heap   total reserved 4026368K, committed 77824K, used 28356K [0x000000070a400000, 0x0000000800000000)
  region size 2048K, 3 young (6144K), 3 survivors (6144K)
}
Event: 489.513 {heap Before GC invocations=18 (full 4):
 garbage-first heap   total reserved 4026368K, committed 77824K, used 30404K [0x000000070a400000, 0x0000000800000000)
  region size 2048K, 5 young (10240K), 3 survivors (6144K)
}
Event: 489.551 {heap After GC invocations=19 (full 5):
 garbage-first heap   total reserved 4026368K, committed 77824K, used 23459K [0x000000070a400000, 0x0000000800000000)
  region size 2048K, 0 young (0K), 0 survivors (0K)
}
Event: 489.843 {heap Before GC invocations=19 (full 5):
 garbage-first heap   total reserved 4026368K, committed 77824K, used 62371K [0x000000070a400000, 0x0000000800000000)
  region size 2048K, 20 young (40960K), 0 survivors (0K)
}
Event: 489.846 {heap After GC invocations=20 (full 5):
 garbage-first heap   total reserved 4026368K, committed 77824K, used 28484K [0x000000070a400000, 0x0000000800000000)
  region size 2048K, 3 young (6144K), 3 survivors (6144K)
}
Event: 495.280 {heap Before GC invocations=20 (full 5):
 garbage-first heap   total reserved 4026368K, committed 77824K, used 30532K [0x000000070a400000, 0x0000000800000000)
  region size 2048K, 5 young (10240K), 3 survivors (6144K)
}
Event: 495.317 {heap After GC invocations=21 (full 6):
 garbage-first heap   total reserved 4026368K, committed 77824K, used 23583K [0x000000070a400000, 0x0000000800000000)
  region size 2048K, 0 young (0K), 0 survivors (0K)
}
Event: 495.644 {heap Before GC invocations=21 (full 6):
 garbage-first heap   total reserved 4026368K, committed 77824K, used 64543K [0x000000070a400000, 0x0000000800000000)
  region size 2048K, 20 young (40960K), 0 survivors (0K)
}
Event: 495.646 {heap After GC invocations=22 (full 6):
 garbage-first heap   total reserved 4026368K, committed 77824K, used 28748K [0x000000070a400000, 0x0000000800000000)
  region size 2048K, 3 young (6144K), 3 survivors (6144K)
}
Event: 514.134 {heap Before GC invocations=22 (full 6):
 garbage-first heap   total reserved 4026368K, committed 77824K, used 30796K [0x000000070a400000, 0x0000000800000000)
  region size 2048K, 5 young (10240K), 3 survivors (6144K)
}
Event: 514.170 {heap After GC invocations=23 (full 7):
 garbage-first heap   total reserved 4026368K, committed 77824K, used 23785K [0x000000070a400000, 0x0000000800000000)
  region size 2048K, 0 young (0K), 0 survivors (0K)
}
Event: 514.483 {heap Before GC invocations=23 (full 7):
 garbage-first heap   total reserved 4026368K, committed 77824K, used 64745K [0x000000070a400000, 0x0000000800000000)
  region size 2048K, 20 young (40960K), 0 survivors (0K)
}
Event: 514.486 {heap After GC invocations=24 (full 7):
 garbage-first heap   total reserved 4026368K, committed 77824K, used 28952K [0x000000070a400000, 0x0000000800000000)
  region size 2048K, 3 young (6144K), 3 survivors (6144K)
}
Event: 583.292 {heap Before GC invocations=24 (full 7):
 garbage-first heap   total reserved 4026368K, committed 77824K, used 63768K [0x000000070a400000, 0x0000000800000000)
  region size 2048K, 21 young (43008K), 3 survivors (6144K)
}
Event: 583.296 {heap After GC invocations=25 (full 7):
 garbage-first heap   total reserved 4026368K, committed 77824K, used 32335K [0x000000070a400000, 0x0000000800000000)
  region size 2048K, 2 young (4096K), 2 survivors (4096K)
}

